e:\kmdfoc\tools\net framework 4.8\vseaskyport\vseaskyportcpp\x64\release\vc143.pdb
e:\kmdfoc\tools\net framework 4.8\vseaskyport\vseaskyportcpp\x64\release\bsp_protocol.xdc
e:\kmdfoc\tools\net framework 4.8\vseaskyport\vseaskyportcpp\x64\release\bsp_protocol_class.xdc
e:\kmdfoc\tools\net framework 4.8\vseaskyport\vseaskyportcpp\x64\release\bsp_crc16.xdc
e:\kmdfoc\tools\net framework 4.8\vseaskyport\vseaskyportcpp\x64\release\bsp_crc8.xdc
e:\kmdfoc\tools\net framework 4.8\vseaskyport\vseaskyportcpp\x64\release\vserialport.xdc
e:\kmdfoc\tools\net framework 4.8\vseaskyport\vseaskyportcpp\x64\release\assemblyinfo.xdc
e:\kmdfoc\tools\net framework 4.8\vseaskyport\vseaskyportcpp\x64\release\.netframework,version=v4.8.assemblyattributes.xdc
e:\kmdfoc\tools\net framework 4.8\vseaskyport\vseaskyportcpp\x64\release\.netframework,version=v4.8.assemblyattributes.obj
e:\kmdfoc\tools\net framework 4.8\vseaskyport\vseaskyportcpp\x64\release\assemblyinfo.obj
e:\kmdfoc\tools\net framework 4.8\vseaskyport\vseaskyportcpp\x64\release\vserialport.obj
e:\kmdfoc\tools\net framework 4.8\vseaskyport\vseaskyportcpp\x64\release\bsp_crc8.obj
e:\kmdfoc\tools\net framework 4.8\vseaskyport\vseaskyportcpp\x64\release\bsp_crc16.obj
e:\kmdfoc\tools\net framework 4.8\vseaskyport\vseaskyportcpp\x64\release\bsp_protocol_class.obj
e:\kmdfoc\tools\net framework 4.8\vseaskyport\vseaskyportcpp\x64\release\bsp_protocol.obj
e:\kmdfoc\tools\net framework 4.8\vseaskyport\vseaskyportcpp\x64\release\vseaskyport.dll
e:\kmdfoc\tools\net framework 4.8\vseaskyport\vseaskyportcpp\x64\release\vseaskyport.pdb
e:\kmdfoc\tools\net framework 4.8\vseaskyport\vseaskyportcpp\x64\release\app.res
e:\kmdfoc\tools\net framework 4.8\vseaskyport\vseaskyportcpp\x64\release\vseaskyport.xml
e:\kmdfoc\tools\net framework 4.8\vseaskyport\vseaskyportcpp\x64\release\vseaskyport.dll.metagen
e:\kmdfoc\tools\net framework 4.8\vseaskyport\vseaskyportcpp\x64\release\vseaskyport.tlog\cl.command.1.tlog
e:\kmdfoc\tools\net framework 4.8\vseaskyport\vseaskyportcpp\x64\release\vseaskyport.tlog\cl.read.1.tlog
e:\kmdfoc\tools\net framework 4.8\vseaskyport\vseaskyportcpp\x64\release\vseaskyport.tlog\cl.write.1.tlog
e:\kmdfoc\tools\net framework 4.8\vseaskyport\vseaskyportcpp\x64\release\vseaskyport.tlog\link.command.1.tlog
e:\kmdfoc\tools\net framework 4.8\vseaskyport\vseaskyportcpp\x64\release\vseaskyport.tlog\link.read.1.tlog
e:\kmdfoc\tools\net framework 4.8\vseaskyport\vseaskyportcpp\x64\release\vseaskyport.tlog\link.write.1.tlog
e:\kmdfoc\tools\net framework 4.8\vseaskyport\vseaskyportcpp\x64\release\vseaskyport.tlog\metagen.read.1.tlog
e:\kmdfoc\tools\net framework 4.8\vseaskyport\vseaskyportcpp\x64\release\vseaskyport.tlog\metagen.write.1.tlog
e:\kmdfoc\tools\net framework 4.8\vseaskyport\vseaskyportcpp\x64\release\vseaskyport.tlog\rc.command.1.tlog
e:\kmdfoc\tools\net framework 4.8\vseaskyport\vseaskyportcpp\x64\release\vseaskyport.tlog\rc.read.1.tlog
e:\kmdfoc\tools\net framework 4.8\vseaskyport\vseaskyportcpp\x64\release\vseaskyport.tlog\rc.write.1.tlog
e:\kmdfoc\tools\net framework 4.8\vseaskyport\vseaskyportcpp\x64\release\vseaskyport.tlog\xdcmake.command.1.tlog
e:\kmdfoc\tools\net framework 4.8\vseaskyport\vseaskyportcpp\x64\release\vseaskyport.tlog\xdcmake.read.1.tlog
e:\kmdfoc\tools\net framework 4.8\vseaskyport\vseaskyportcpp\x64\release\vseaskyport.tlog\xdcmake.write.1.tlog
